  main.cpp
C:\Users\pablo.velasco\OneDrive - U-tad\PAVJ-Programacion2D\Prácticas\P5\P5_Pablo-Velasco-Crespo\src\main.cpp(51,86): warning C4244: 'argument': conversion from 'float' to 'int', possible loss of data
C:\Users\pablo.velasco\OneDrive - U-tad\PAVJ-Programacion2D\Prácticas\P5\P5_Pablo-Velasco-Crespo\src\main.cpp(51,61): warning C4244: 'argument': conversion from 'float' to 'int', possible loss of data
C:\Users\pablo.velasco\OneDrive - U-tad\PAVJ-Programacion2D\Prácticas\P5\P5_Pablo-Velasco-Crespo\src\main.cpp(53,61): warning C4244: 'argument': conversion from 'float' to 'int', possible loss of data
C:\Users\pablo.velasco\OneDrive - U-tad\PAVJ-Programacion2D\Prácticas\P5\P5_Pablo-Velasco-Crespo\src\main.cpp(53,36): warning C4244: 'argument': conversion from 'float' to 'int', possible loss of data
C:\Users\pablo.velasco\OneDrive - U-tad\PAVJ-Programacion2D\Prácticas\P5\P5_Pablo-Velasco-Crespo\src\main.cpp(105,44): warning C4244: 'argument': conversion from 'double' to 'float', possible loss of data
C:\Users\pablo.velasco\OneDrive - U-tad\PAVJ-Programacion2D\Prácticas\P5\P5_Pablo-Velasco-Crespo\src\main.cpp(49,8): warning C4101: 'mouseLocation': unreferenced local variable
  CircleCollider.cpp
  Collider.cpp
C:\Users\pablo.velasco\OneDrive - U-tad\PAVJ-Programacion2D\Prácticas\P5\P5_Pablo-Velasco-Crespo\project\Collider.cpp(16,67): warning C4244: 'argument': conversion from 'double' to 'float', possible loss of data
C:\Users\pablo.velasco\OneDrive - U-tad\PAVJ-Programacion2D\Prácticas\P5\P5_Pablo-Velasco-Crespo\project\Collider.cpp(16,26): warning C4244: 'argument': conversion from 'double' to 'float', possible loss of data
C:\Users\pablo.velasco\OneDrive - U-tad\PAVJ-Programacion2D\Prácticas\P5\P5_Pablo-Velasco-Crespo\project\Collider.cpp(45,14): warning C4244: 'initializing': conversion from 'double' to 'float', possible loss of data
C:\Users\pablo.velasco\OneDrive - U-tad\PAVJ-Programacion2D\Prácticas\P5\P5_Pablo-Velasco-Crespo\project\Collider.cpp(48,15): warning C4244: 'initializing': conversion from 'double' to 'float', possible loss of data
C:\Users\pablo.velasco\OneDrive - U-tad\PAVJ-Programacion2D\Prácticas\P5\P5_Pablo-Velasco-Crespo\project\Collider.cpp(90,48): warning C4244: 'argument': conversion from 'int' to 'float', possible loss of data
C:\Users\pablo.velasco\OneDrive - U-tad\PAVJ-Programacion2D\Prácticas\P5\P5_Pablo-Velasco-Crespo\project\Collider.cpp(90,40): warning C4244: 'argument': conversion from 'int' to 'float', possible loss of data
  Font.cpp
  PixelsCollider.cpp
  RectCollider.cpp
  Sprite.cpp
C:\Users\pablo.velasco\OneDrive - U-tad\PAVJ-Programacion2D\Prácticas\P5\P5_Pablo-Velasco-Crespo\project\Sprite.cpp(138,48): warning C4244: 'return': conversion from 'const int' to 'float', possible loss of data
C:\Users\pablo.velasco\OneDrive - U-tad\PAVJ-Programacion2D\Prácticas\P5\P5_Pablo-Velasco-Crespo\project\Sprite.cpp(163,77): warning C4244: 'argument': conversion from 'const int' to 'float', possible loss of data
C:\Users\pablo.velasco\OneDrive - U-tad\PAVJ-Programacion2D\Prácticas\P5\P5_Pablo-Velasco-Crespo\project\Sprite.cpp(163,61): warning C4244: 'argument': conversion from 'const int' to 'float', possible loss of data
C:\Users\pablo.velasco\OneDrive - U-tad\PAVJ-Programacion2D\Prácticas\P5\P5_Pablo-Velasco-Crespo\project\Sprite.cpp(216,22): warning C4244: 'initializing': conversion from 'int' to 'float', possible loss of data
C:\Users\pablo.velasco\OneDrive - U-tad\PAVJ-Programacion2D\Prácticas\P5\P5_Pablo-Velasco-Crespo\project\Sprite.cpp(217,23): warning C4244: 'initializing': conversion from 'int' to 'float', possible loss of data
  Vec2.cpp
C:\Users\pablo.velasco\OneDrive - U-tad\PAVJ-Programacion2D\Prácticas\P5\P5_Pablo-Velasco-Crespo\project\Vec2.cpp(7,31): warning C4305: 'initializing': truncation from 'double' to 'float'
C:\Users\pablo.velasco\OneDrive - U-tad\PAVJ-Programacion2D\Prácticas\P5\P5_Pablo-Velasco-Crespo\project\Vec2.cpp(151,21): warning C4244: '=': conversion from 'double' to 'float', possible loss of data
C:\Users\pablo.velasco\OneDrive - U-tad\PAVJ-Programacion2D\Prácticas\P5\P5_Pablo-Velasco-Crespo\project\Vec2.cpp(152,21): warning C4244: '=': conversion from 'double' to 'float', possible loss of data
  Generating Code...
LINK : warning LNK4098: defaultlib 'MSVCRT' conflicts with use of other libs; use /NODEFAULTLIB:library
  programacion2d.vcxproj -> C:\Users\pablo.velasco\OneDrive - U-tad\PAVJ-Programacion2D\Prácticas\P5\P5_Pablo-Velasco-Crespo\project\Debug\programacion2d.exe
